{"/Users/oreoluwa/Documents/MY_BACKEND_PROJECT/Glovo Api/src/config/db.ts":{"path":"/Users/oreoluwa/Documents/MY_BACKEND_PROJECT/Glovo Api/src/config/db.ts","statementMap":{"0":{"start":{"line":2,"column":22},"end":{"line":4,"column":1}},"1":{"start":{"line":3,"column":4},"end":{"line":3,"column":62}},"2":{"start":{"line":5,"column":0},"end":{"line":5,"column":62}},"3":{"start":{"line":6,"column":0},"end":{"line":6,"column":20}},"4":{"start":{"line":7,"column":21},"end":{"line":7,"column":59}},"5":{"start":{"line":8,"column":19},"end":{"line":8,"column":55}},"6":{"start":{"line":9,"column":14},"end":{"line":9,"column":54}},"7":{"start":{"line":10,"column":11},"end":{"line":10,"column":90}},"8":{"start":{"line":11,"column":11},"end":{"line":11,"column":48}},"9":{"start":{"line":12,"column":0},"end":{"line":12,"column":16}}},"fnMap":{"0":{"name":"(anonymous_0)","decl":{"start":{"line":2,"column":56},"end":{"line":2,"column":57}},"loc":{"start":{"line":2,"column":71},"end":{"line":4,"column":1}},"line":2}},"branchMap":{"0":{"loc":{"start":{"line":2,"column":22},"end":{"line":4,"column":1}},"type":"binary-expr","locations":[{"start":{"line":2,"column":23},"end":{"line":2,"column":27}},{"start":{"line":2,"column":31},"end":{"line":2,"column":51}},{"start":{"line":2,"column":56},"end":{"line":4,"column":1}}],"line":2},"1":{"loc":{"start":{"line":3,"column":11},"end":{"line":3,"column":61}},"type":"cond-expr","locations":[{"start":{"line":3,"column":37},"end":{"line":3,"column":40}},{"start":{"line":3,"column":43},"end":{"line":3,"column":61}}],"line":3},"2":{"loc":{"start":{"line":3,"column":12},"end":{"line":3,"column":33}},"type":"binary-expr","locations":[{"start":{"line":3,"column":12},"end":{"line":3,"column":15}},{"start":{"line":3,"column":19},"end":{"line":3,"column":33}}],"line":3}},"s":{"0":0,"1":0,"2":0,"3":0,"4":0,"5":0,"6":0,"7":0,"8":0,"9":0},"f":{"0":0},"b":{"0":[0,0,0],"1":[0,0],"2":[0,0]},"inputSourceMap":{"version":3,"file":"/Users/oreoluwa/Documents/MY_BACKEND_PROJECT/Glovo Api/src/config/db.ts","sources":["/Users/oreoluwa/Documents/MY_BACKEND_PROJECT/Glovo Api/src/config/db.ts"],"names":[],"mappings":";;;;;;AAAA,4DAA6B;AAC7B,wDAA+B;AAC/B,uDAA+B;AAE/B,MAAM,EAAE,GAAG,IAAA,oBAAG,EAAC,EAAE,UAAU,EAAE,kBAAO,EAAE,UAAU,EAAE,IAAI,EAAE,CAAC,CAAC;AAE1D,MAAM,EAAE,GAAG,EAAE,CAAC,aAAG,CAAC,GAAG,CAAS,cAAc,CAAC,CAAC,CAAC;AAEtC,gBAAE","sourcesContent":["import pgp from 'pg-promise';\nimport promise from 'bluebird';\nimport Env from '../utils/env';\n\nconst pg = pgp({ promiseLib: promise, noWarnings: true });\n\nconst db = pg(Env.get<string>('DATABASE_URL'));\n\nexport { db };\n"]},"all":true},"/Users/oreoluwa/Documents/MY_BACKEND_PROJECT/Glovo Api/src/config/env/development.ts":{"path":"/Users/oreoluwa/Documents/MY_BACKEND_PROJECT/Glovo Api/src/config/env/development.ts","statementMap":{"0":{"start":{"line":2,"column":0},"end":{"line":2,"column":62}},"1":{"start":{"line":3,"column":17},"end":{"line":3,"column":34}},"2":{"start":{"line":4,"column":0},"end":{"line":4,"column":29}},"3":{"start":{"line":5,"column":20},"end":{"line":9,"column":1}},"4":{"start":{"line":10,"column":0},"end":{"line":10,"column":30}}},"fnMap":{},"branchMap":{},"s":{"0":0,"1":0,"2":0,"3":0,"4":0},"f":{},"b":{},"inputSourceMap":{"version":3,"file":"/Users/oreoluwa/Documents/MY_BACKEND_PROJECT/Glovo Api/src/config/env/development.ts","sources":["/Users/oreoluwa/Documents/MY_BACKEND_PROJECT/Glovo Api/src/config/env/development.ts"],"names":[],"mappings":";;AAAA,mCAAsC;AACtC,IAAA,qBAAY,GAAE,CAAC;AAEf,MAAM,WAAW,GAAG;IAClB,QAAQ,EAAE,OAAO,CAAC,GAAG,CAAC,cAAc;IACpC,IAAI,EAAE,OAAO,CAAC,GAAG,CAAC,UAAU;IAC5B,YAAY,EAAE,OAAO,CAAC,GAAG,CAAC,sBAAsB;CACjD,CAAC;AAEF,kBAAe,WAAW,CAAC","sourcesContent":["import { configDotenv } from 'dotenv';\nconfigDotenv();\n\nconst development = {\n  NODE_ENV: process.env.GLOVO_NODE_ENV,\n  PORT: process.env.GLOVO_PORT,\n  DATABASE_URL: process.env.GLOVO_DEV_DATABASE_URL,\n};\n\nexport default development;\n"]},"all":true},"/Users/oreoluwa/Documents/MY_BACKEND_PROJECT/Glovo Api/src/config/env/index.ts":{"path":"/Users/oreoluwa/Documents/MY_BACKEND_PROJECT/Glovo Api/src/config/env/index.ts","statementMap":{"0":{"start":{"line":2,"column":22},"end":{"line":4,"column":1}},"1":{"start":{"line":3,"column":4},"end":{"line":3,"column":62}},"2":{"start":{"line":5,"column":0},"end":{"line":5,"column":62}},"3":{"start":{"line":6,"column":21},"end":{"line":6,"column":61}},"4":{"start":{"line":7,"column":22},"end":{"line":7,"column":63}},"5":{"start":{"line":8,"column":15},"end":{"line":8,"column":49}},"6":{"start":{"line":9,"column":17},"end":{"line":9,"column":34}},"7":{"start":{"line":10,"column":0},"end":{"line":10,"column":29}},"8":{"start":{"line":11,"column":0},"end":{"line":15,"column":47}}},"fnMap":{"0":{"name":"(anonymous_0)","decl":{"start":{"line":2,"column":56},"end":{"line":2,"column":57}},"loc":{"start":{"line":2,"column":71},"end":{"line":4,"column":1}},"line":2}},"branchMap":{"0":{"loc":{"start":{"line":2,"column":22},"end":{"line":4,"column":1}},"type":"binary-expr","locations":[{"start":{"line":2,"column":23},"end":{"line":2,"column":27}},{"start":{"line":2,"column":31},"end":{"line":2,"column":51}},{"start":{"line":2,"column":56},"end":{"line":4,"column":1}}],"line":2},"1":{"loc":{"start":{"line":3,"column":11},"end":{"line":3,"column":61}},"type":"cond-expr","locations":[{"start":{"line":3,"column":37},"end":{"line":3,"column":40}},{"start":{"line":3,"column":43},"end":{"line":3,"column":61}}],"line":3},"2":{"loc":{"start":{"line":3,"column":12},"end":{"line":3,"column":33}},"type":"binary-expr","locations":[{"start":{"line":3,"column":12},"end":{"line":3,"column":15}},{"start":{"line":3,"column":19},"end":{"line":3,"column":33}}],"line":3},"3":{"loc":{"start":{"line":15,"column":2},"end":{"line":15,"column":45}},"type":"binary-expr","locations":[{"start":{"line":15,"column":2},"end":{"line":15,"column":28}},{"start":{"line":15,"column":32},"end":{"line":15,"column":45}}],"line":15}},"s":{"0":0,"1":0,"2":0,"3":0,"4":0,"5":0,"6":0,"7":0,"8":0},"f":{"0":0},"b":{"0":[0,0,0],"1":[0,0],"2":[0,0],"3":[0,0]},"inputSourceMap":{"version":3,"file":"/Users/oreoluwa/Documents/MY_BACKEND_PROJECT/Glovo Api/src/config/env/index.ts","sources":["/Users/oreoluwa/Documents/MY_BACKEND_PROJECT/Glovo Api/src/config/env/index.ts"],"names":[],"mappings":";;;;;AAAA,8DAAsC;AACtC,gEAAwC;AACxC,kDAA0B;AAC1B,mCAAsC;AAEtC,IAAA,qBAAY,GAAE,CAAC;AAGf,kBAAe;IACb,UAAU,EAAV,oBAAU;IACV,WAAW,EAAX,qBAAW;IACX,IAAI,EAAJ,cAAI;CACL,CAAC,OAAO,CAAC,GAAG,CAAC,cAAc,IAAI,aAAa,CAAC,CAAC","sourcesContent":["import production from './production';\nimport development from './development';\nimport test from './test';\nimport { configDotenv } from 'dotenv';\n\nconfigDotenv();\n\n\nexport default {\n  production,\n  development,\n  test,\n}[process.env.GLOVO_NODE_ENV || 'development'];\n"]},"all":true},"/Users/oreoluwa/Documents/MY_BACKEND_PROJECT/Glovo Api/src/config/env/production.ts":{"path":"/Users/oreoluwa/Documents/MY_BACKEND_PROJECT/Glovo Api/src/config/env/production.ts","statementMap":{"0":{"start":{"line":2,"column":0},"end":{"line":2,"column":62}},"1":{"start":{"line":3,"column":17},"end":{"line":3,"column":34}},"2":{"start":{"line":4,"column":0},"end":{"line":4,"column":29}},"3":{"start":{"line":5,"column":19},"end":{"line":9,"column":1}},"4":{"start":{"line":10,"column":0},"end":{"line":10,"column":29}}},"fnMap":{},"branchMap":{},"s":{"0":0,"1":0,"2":0,"3":0,"4":0},"f":{},"b":{},"inputSourceMap":{"version":3,"file":"/Users/oreoluwa/Documents/MY_BACKEND_PROJECT/Glovo Api/src/config/env/production.ts","sources":["/Users/oreoluwa/Documents/MY_BACKEND_PROJECT/Glovo Api/src/config/env/production.ts"],"names":[],"mappings":";;AAAA,mCAAsC;AACtC,IAAA,qBAAY,GAAE,CAAC;AAEf,MAAM,UAAU,GAAG;IACjB,QAAQ,EAAE,OAAO,CAAC,GAAG,CAAC,cAAc;IACpC,IAAI,EAAE,OAAO,CAAC,GAAG,CAAC,UAAU;IAC5B,YAAY,EAAE,OAAO,CAAC,GAAG,CAAC,uBAAuB;CAClD,CAAC;AAEF,kBAAe,UAAU,CAAC","sourcesContent":["import { configDotenv } from 'dotenv';\nconfigDotenv();\n\nconst production = {\n  NODE_ENV: process.env.GLOVO_NODE_ENV,\n  PORT: process.env.GLOVO_PORT,\n  DATABASE_URL: process.env.GLOVO_PROD_DATABASE_URL,\n};\n\nexport default production;\n"]},"all":true},"/Users/oreoluwa/Documents/MY_BACKEND_PROJECT/Glovo Api/src/config/env/test.ts":{"path":"/Users/oreoluwa/Documents/MY_BACKEND_PROJECT/Glovo Api/src/config/env/test.ts","statementMap":{"0":{"start":{"line":2,"column":0},"end":{"line":2,"column":62}},"1":{"start":{"line":3,"column":17},"end":{"line":3,"column":34}},"2":{"start":{"line":4,"column":0},"end":{"line":4,"column":29}},"3":{"start":{"line":5,"column":13},"end":{"line":9,"column":1}},"4":{"start":{"line":10,"column":0},"end":{"line":10,"column":23}}},"fnMap":{},"branchMap":{},"s":{"0":0,"1":0,"2":0,"3":0,"4":0},"f":{},"b":{},"inputSourceMap":{"version":3,"file":"/Users/oreoluwa/Documents/MY_BACKEND_PROJECT/Glovo Api/src/config/env/test.ts","sources":["/Users/oreoluwa/Documents/MY_BACKEND_PROJECT/Glovo Api/src/config/env/test.ts"],"names":[],"mappings":";;AAAA,mCAAsC;AACtC,IAAA,qBAAY,GAAE,CAAC;AAEf,MAAM,IAAI,GAAG;IACX,QAAQ,EAAE,OAAO,CAAC,GAAG,CAAC,cAAc;IACpC,IAAI,EAAE,OAAO,CAAC,GAAG,CAAC,UAAU;IAC5B,YAAY,EAAE,OAAO,CAAC,GAAG,CAAC,uBAAuB;CAClD,CAAC;AAEF,kBAAe,IAAI,CAAC","sourcesContent":["import { configDotenv } from 'dotenv';\nconfigDotenv();\n\nconst test = {\n  NODE_ENV: process.env.GLOVO_NODE_ENV,\n  PORT: process.env.GLOVO_PORT,\n  DATABASE_URL: process.env.GLOVO_TEST_DATABASE_URL,\n};\n\nexport default test;\n"]},"all":true},"/Users/oreoluwa/Documents/MY_BACKEND_PROJECT/Glovo Api/src/config/express.ts":{"path":"/Users/oreoluwa/Documents/MY_BACKEND_PROJECT/Glovo Api/src/config/express.ts","statementMap":{"0":{"start":{"line":2,"column":22},"end":{"line":4,"column":1}},"1":{"start":{"line":3,"column":4},"end":{"line":3,"column":62}},"2":{"start":{"line":5,"column":0},"end":{"line":5,"column":62}},"3":{"start":{"line":6,"column":0},"end":{"line":6,"column":32}},"4":{"start":{"line":7,"column":18},"end":{"line":7,"column":53}},"5":{"start":{"line":8,"column":15},"end":{"line":8,"column":47}},"6":{"start":{"line":9,"column":17},"end":{"line":9,"column":51}},"7":{"start":{"line":10,"column":17},"end":{"line":10,"column":51}},"8":{"start":{"line":11,"column":13},"end":{"line":11,"column":53}},"9":{"start":{"line":13,"column":4},"end":{"line":13,"column":55}},"10":{"start":{"line":14,"column":4},"end":{"line":14,"column":77}},"11":{"start":{"line":15,"column":24},"end":{"line":17,"column":5}},"12":{"start":{"line":18,"column":4},"end":{"line":18,"column":46}},"13":{"start":{"line":19,"column":4},"end":{"line":19,"column":47}},"14":{"start":{"line":20,"column":4},"end":{"line":20,"column":48}},"15":{"start":{"line":21,"column":4},"end":{"line":21,"column":37}},"16":{"start":{"line":22,"column":4},"end":{"line":22,"column":32}},"17":{"start":{"line":23,"column":4},"end":{"line":23,"column":33}}},"fnMap":{"0":{"name":"(anonymous_0)","decl":{"start":{"line":2,"column":56},"end":{"line":2,"column":57}},"loc":{"start":{"line":2,"column":71},"end":{"line":4,"column":1}},"line":2},"1":{"name":"expressConfig","decl":{"start":{"line":12,"column":9},"end":{"line":12,"column":22}},"loc":{"start":{"line":12,"column":28},"end":{"line":24,"column":1}},"line":12}},"branchMap":{"0":{"loc":{"start":{"line":2,"column":22},"end":{"line":4,"column":1}},"type":"binary-expr","locations":[{"start":{"line":2,"column":23},"end":{"line":2,"column":27}},{"start":{"line":2,"column":31},"end":{"line":2,"column":51}},{"start":{"line":2,"column":56},"end":{"line":4,"column":1}}],"line":2},"1":{"loc":{"start":{"line":3,"column":11},"end":{"line":3,"column":61}},"type":"cond-expr","locations":[{"start":{"line":3,"column":37},"end":{"line":3,"column":40}},{"start":{"line":3,"column":43},"end":{"line":3,"column":61}}],"line":3},"2":{"loc":{"start":{"line":3,"column":12},"end":{"line":3,"column":33}},"type":"binary-expr","locations":[{"start":{"line":3,"column":12},"end":{"line":3,"column":15}},{"start":{"line":3,"column":19},"end":{"line":3,"column":33}}],"line":3}},"s":{"0":0,"1":0,"2":0,"3":0,"4":0,"5":0,"6":0,"7":0,"8":0,"9":0,"10":0,"11":0,"12":0,"13":0,"14":0,"15":0,"16":0,"17":0},"f":{"0":0,"1":0},"b":{"0":[0,0,0],"1":[0,0],"2":[0,0]},"inputSourceMap":{"version":3,"file":"/Users/oreoluwa/Documents/MY_BACKEND_PROJECT/Glovo Api/src/config/express.ts","sources":["/Users/oreoluwa/Documents/MY_BACKEND_PROJECT/Glovo Api/src/config/express.ts"],"names":[],"mappings":";;;;;AAUA,gCAmBC;AA1BD,sDAA8B;AAC9B,gDAAwB;AACxB,oDAA4B;AAC5B,oDAA4B;AAE5B,sDAAkC;AAElC,SAAwB,aAAa,CAAC,GAAY;IAChD,GAAG,CAAC,GAAG,CAAC,iBAAO,CAAC,IAAI,CAAC,EAAE,KAAK,EAAE,MAAM,EAAE,CAAC,CAAC,CAAC;IACzC,GAAG,CAAC,GAAG,CAAC,iBAAO,CAAC,UAAU,CAAC,EAAE,KAAK,EAAE,MAAM,EAAE,QAAQ,EAAE,IAAI,EAAE,CAAC,CAAC,CAAC;IAEjE,MAAM,WAAW,GAAG;QAChB,cAAc,EAAE,CAAC,aAAa,CAAC;KAChC,CAAC;IACF,GAAG,CAAC,GAAG,CAAC,IAAA,cAAI,EAAC,WAAW,CAAC,CAAC,CAAC;IAGzB,GAAG,CAAC,GAAG,CAAC,IAAA,gBAAM,EAAC,UAAU,CAAC,CAAC,CAAC;IAC9B,GAAG,CAAC,GAAG,CAAC,iBAAO,CAAC,MAAM,CAAC,QAAQ,CAAC,CAAC,CAAC;IAGlC,GAAG,CAAC,GAAG,CAAC,IAAA,gBAAM,GAAE,CAAC,CAAC;IAClB,GAAG,CAAC,OAAO,CAAC,cAAc,CAAC,CAAC;IAG5B,GAAG,CAAC,GAAG,CAAC,KAAK,EAAE,YAAM,CAAC,CAAC;AACzB,CAAC","sourcesContent":["// src/config/express.ts\n\nimport { Express } from 'express';\nimport express from 'express';\nimport cors from 'cors';\nimport helmet from 'helmet';\nimport morgan from 'morgan';\n\nimport Router from '../routes/v1';\n\nexport default function expressConfig(app: Express) {\n  app.use(express.json({ limit: '10mb' }));\n  app.use(express.urlencoded({ limit: '10mb', extended: true }));\n\nconst corsOptions = {\n    exposedHeaders: ['hash-id-key'],\n  };\n  app.use(cors(corsOptions));\n\n    // Use morgan for logging HTTP requests\n    app.use(morgan('combined'));\n  app.use(express.static('public'));\n\n  // Use helmet to secure Express headers\n  app.use(helmet());\n  app.disable('x-powered-by');\n\n  // Mount API routes\n  app.use('/v1', Router);\n}\n"]},"all":true},"/Users/oreoluwa/Documents/MY_BACKEND_PROJECT/Glovo Api/src/routes/v1.ts":{"path":"/Users/oreoluwa/Documents/MY_BACKEND_PROJECT/Glovo Api/src/routes/v1.ts","statementMap":{"0":{"start":{"line":2,"column":0},"end":{"line":2,"column":62}},"1":{"start":{"line":3,"column":18},"end":{"line":3,"column":36}},"2":{"start":{"line":4,"column":15},"end":{"line":4,"column":38}},"3":{"start":{"line":5,"column":0},"end":{"line":7,"column":3}},"4":{"start":{"line":6,"column":4},"end":{"line":6,"column":31}},"5":{"start":{"line":8,"column":0},"end":{"line":8,"column":25}}},"fnMap":{"0":{"name":"(anonymous_0)","decl":{"start":{"line":5,"column":16},"end":{"line":5,"column":17}},"loc":{"start":{"line":5,"column":31},"end":{"line":7,"column":1}},"line":5}},"branchMap":{},"s":{"0":0,"1":0,"2":0,"3":0,"4":0,"5":0},"f":{"0":0},"b":{},"inputSourceMap":{"version":3,"file":"/Users/oreoluwa/Documents/MY_BACKEND_PROJECT/Glovo Api/src/routes/v1.ts","sources":["/Users/oreoluwa/Documents/MY_BACKEND_PROJECT/Glovo Api/src/routes/v1.ts"],"names":[],"mappings":";;AACA,qCAAiC;AAEjC,MAAM,MAAM,GAAG,IAAA,gBAAM,GAAE,CAAC;AAExB,MAAM,CAAC,GAAG,CAAC,GAAG,EAAE,CAAC,IAAI,EAAE,GAAG,EAAE,EAAE;IAC5B,GAAG,CAAC,IAAI,CAAC,gBAAgB,CAAC,CAAC;AAC7B,CAAC,CAAC,CAAC;AAEH,kBAAe,MAAM,CAAC","sourcesContent":["// src/routes/v1.ts\nimport { Router } from 'express';\n\nconst router = Router();\n\nrouter.get('/', (_req, res) => {\n  res.send('API v1 working');\n});\n\nexport default router;\n"]},"all":true},"/Users/oreoluwa/Documents/MY_BACKEND_PROJECT/Glovo Api/src/server.ts":{"path":"/Users/oreoluwa/Documents/MY_BACKEND_PROJECT/Glovo Api/src/server.ts","statementMap":{"0":{"start":{"line":2,"column":22},"end":{"line":4,"column":1}},"1":{"start":{"line":3,"column":4},"end":{"line":3,"column":62}},"2":{"start":{"line":5,"column":0},"end":{"line":5,"column":62}},"3":{"start":{"line":6,"column":18},"end":{"line":6,"column":53}},"4":{"start":{"line":7,"column":17},"end":{"line":7,"column":51}},"5":{"start":{"line":8,"column":18},"end":{"line":8,"column":62}},"6":{"start":{"line":9,"column":17},"end":{"line":9,"column":59}},"7":{"start":{"line":10,"column":0},"end":{"line":10,"column":23}},"8":{"start":{"line":11,"column":0},"end":{"line":11,"column":41}},"9":{"start":{"line":12,"column":12},"end":{"line":12,"column":36}},"10":{"start":{"line":13,"column":13},"end":{"line":13,"column":37}},"11":{"start":{"line":14,"column":0},"end":{"line":14,"column":28}},"12":{"start":{"line":15,"column":0},"end":{"line":17,"column":3}},"13":{"start":{"line":16,"column":4},"end":{"line":16,"column":75}}},"fnMap":{"0":{"name":"(anonymous_0)","decl":{"start":{"line":2,"column":56},"end":{"line":2,"column":57}},"loc":{"start":{"line":2,"column":71},"end":{"line":4,"column":1}},"line":2},"1":{"name":"(anonymous_1)","decl":{"start":{"line":15,"column":17},"end":{"line":15,"column":18}},"loc":{"start":{"line":15,"column":23},"end":{"line":17,"column":1}},"line":15}},"branchMap":{"0":{"loc":{"start":{"line":2,"column":22},"end":{"line":4,"column":1}},"type":"binary-expr","locations":[{"start":{"line":2,"column":23},"end":{"line":2,"column":27}},{"start":{"line":2,"column":31},"end":{"line":2,"column":51}},{"start":{"line":2,"column":56},"end":{"line":4,"column":1}}],"line":2},"1":{"loc":{"start":{"line":3,"column":11},"end":{"line":3,"column":61}},"type":"cond-expr","locations":[{"start":{"line":3,"column":37},"end":{"line":3,"column":40}},{"start":{"line":3,"column":43},"end":{"line":3,"column":61}}],"line":3},"2":{"loc":{"start":{"line":3,"column":12},"end":{"line":3,"column":33}},"type":"binary-expr","locations":[{"start":{"line":3,"column":12},"end":{"line":3,"column":15}},{"start":{"line":3,"column":19},"end":{"line":3,"column":33}}],"line":3},"3":{"loc":{"start":{"line":13,"column":13},"end":{"line":13,"column":37}},"type":"binary-expr","locations":[{"start":{"line":13,"column":13},"end":{"line":13,"column":29}},{"start":{"line":13,"column":33},"end":{"line":13,"column":37}}],"line":13}},"s":{"0":0,"1":0,"2":0,"3":0,"4":0,"5":0,"6":0,"7":0,"8":0,"9":0,"10":0,"11":0,"12":0,"13":0},"f":{"0":0,"1":0},"b":{"0":[0,0,0],"1":[0,0],"2":[0,0],"3":[0,0]},"inputSourceMap":{"version":3,"file":"/Users/oreoluwa/Documents/MY_BACKEND_PROJECT/Glovo Api/src/server.ts","sources":["/Users/oreoluwa/Documents/MY_BACKEND_PROJECT/Glovo Api/src/server.ts"],"names":[],"mappings":";;;;;AACA,sDAA8B;AAC9B,oDAA4B;AAC5B,+DAA6C;AAC7C,4DAAoC;AACpC,uBAAqB;AAErB,gBAAM,CAAC,MAAM,CAAC,EAAE,KAAK,EAAE,IAAI,EAAE,CAAC,CAAC;AAG/B,MAAM,GAAG,GAAG,IAAA,iBAAO,GAAE,CAAC;AACtB,MAAM,IAAI,GAAG,OAAO,CAAC,GAAG,CAAC,IAAI,IAAI,IAAI,CAAC;AAGtC,IAAA,iBAAa,EAAC,GAAG,CAAC,CAAC;AAEnB,GAAG,CAAC,MAAM,CAAC,IAAI,EAAE,GAAG,EAAE;IAClB,gBAAM,CAAC,IAAI,CAAC,yCAAyC,IAAI,EAAE,CAAC,CAAC;AACjE,CAAC,CAAC,CAAC","sourcesContent":["// src/server.ts\nimport express from 'express';\nimport dotenv from 'dotenv';\nimport expressConfig from './config/express';\nimport logger from './utils/logger';\nimport './config/db';\n\ndotenv.config({ quiet: true });\n\n\nconst app = express();\nconst PORT = process.env.PORT || 3000;\n\n// Correct usage: pass `app` (Express instance) to the config function\nexpressConfig(app);\n\napp.listen(PORT, () => {\n    logger.info(`🚀 Server running on http://localhost:${PORT}`);\n});\n"]},"all":true},"/Users/oreoluwa/Documents/MY_BACKEND_PROJECT/Glovo Api/src/utils/asyncHandler.ts":{"path":"/Users/oreoluwa/Documents/MY_BACKEND_PROJECT/Glovo Api/src/utils/asyncHandler.ts","statementMap":{"0":{"start":{"line":2,"column":0},"end":{"line":2,"column":62}},"1":{"start":{"line":3,"column":0},"end":{"line":3,"column":30}},"2":{"start":{"line":4,"column":21},"end":{"line":8,"column":1}},"3":{"start":{"line":5,"column":4},"end":{"line":7,"column":6}},"4":{"start":{"line":6,"column":8},"end":{"line":6,"column":39}},"5":{"start":{"line":9,"column":0},"end":{"line":9,"column":36}}},"fnMap":{"0":{"name":"(anonymous_0)","decl":{"start":{"line":4,"column":21},"end":{"line":4,"column":22}},"loc":{"start":{"line":4,"column":29},"end":{"line":8,"column":1}},"line":4},"1":{"name":"(anonymous_1)","decl":{"start":{"line":5,"column":11},"end":{"line":5,"column":12}},"loc":{"start":{"line":5,"column":31},"end":{"line":7,"column":5}},"line":5}},"branchMap":{},"s":{"0":0,"1":0,"2":0,"3":0,"4":0,"5":0},"f":{"0":0,"1":0},"b":{},"inputSourceMap":{"version":3,"file":"/Users/oreoluwa/Documents/MY_BACKEND_PROJECT/Glovo Api/src/utils/asyncHandler.ts","sources":["/Users/oreoluwa/Documents/MY_BACKEND_PROJECT/Glovo Api/src/utils/asyncHandler.ts"],"names":[],"mappings":";;;AAEO,MAAM,YAAY,GAAG,CAC1B,EAAqE,EACrE,EAAE;IACF,OAAO,CAAC,GAAY,EAAE,GAAa,EAAE,IAAkB,EAAE,EAAE;QACzD,EAAE,CAAC,GAAG,EAAE,GAAG,EAAE,IAAI,CAAC,CAAC,KAAK,CAAC,IAAI,CAAC,CAAC;IACjC,CAAC,CAAC;AACJ,CAAC,CAAC;AANW,QAAA,YAAY,gBAMvB","sourcesContent":["import { Request, Response, NextFunction } from 'express';\n\nexport const asyncHandler = (\n  fn: (req: Request, res: Response, next: NextFunction) => Promise<any>\n) => {\n  return (req: Request, res: Response, next: NextFunction) => {\n    fn(req, res, next).catch(next);\n  };\n};\n"]},"all":true},"/Users/oreoluwa/Documents/MY_BACKEND_PROJECT/Glovo Api/src/utils/env.ts":{"path":"/Users/oreoluwa/Documents/MY_BACKEND_PROJECT/Glovo Api/src/utils/env.ts","statementMap":{"0":{"start":{"line":2,"column":16},"end":{"line":10,"column":1}},"1":{"start":{"line":3,"column":28},"end":{"line":3,"column":110}},"2":{"start":{"line":3,"column":91},"end":{"line":3,"column":106}},"3":{"start":{"line":4,"column":4},"end":{"line":9,"column":7}},"4":{"start":{"line":5,"column":36},"end":{"line":5,"column":97}},"5":{"start":{"line":5,"column":42},"end":{"line":5,"column":70}},"6":{"start":{"line":5,"column":85},"end":{"line":5,"column":95}},"7":{"start":{"line":6,"column":35},"end":{"line":6,"column":100}},"8":{"start":{"line":6,"column":41},"end":{"line":6,"column":73}},"9":{"start":{"line":6,"column":88},"end":{"line":6,"column":98}},"10":{"start":{"line":7,"column":32},"end":{"line":7,"column":116}},"11":{"start":{"line":8,"column":8},"end":{"line":8,"column":78}},"12":{"start":{"line":11,"column":22},"end":{"line":13,"column":1}},"13":{"start":{"line":12,"column":4},"end":{"line":12,"column":62}},"14":{"start":{"line":14,"column":0},"end":{"line":14,"column":62}},"15":{"start":{"line":15,"column":17},"end":{"line":15,"column":34}},"16":{"start":{"line":16,"column":14},"end":{"line":16,"column":55}},"17":{"start":{"line":17,"column":0},"end":{"line":17,"column":29}},"18":{"start":{"line":20,"column":8},"end":{"line":27,"column":11}},"19":{"start":{"line":21,"column":12},"end":{"line":26,"column":13}},"20":{"start":{"line":22,"column":16},"end":{"line":22,"column":88}},"21":{"start":{"line":25,"column":16},"end":{"line":25,"column":24}},"22":{"start":{"line":31,"column":8},"end":{"line":32,"column":42}},"23":{"start":{"line":32,"column":12},"end":{"line":32,"column":42}},"24":{"start":{"line":33,"column":8},"end":{"line":33,"column":34}},"25":{"start":{"line":36,"column":0},"end":{"line":36,"column":22}}},"fnMap":{"0":{"name":"(anonymous_0)","decl":{"start":{"line":2,"column":44},"end":{"line":2,"column":45}},"loc":{"start":{"line":2,"column":89},"end":{"line":10,"column":1}},"line":2},"1":{"name":"adopt","decl":{"start":{"line":3,"column":13},"end":{"line":3,"column":18}},"loc":{"start":{"line":3,"column":26},"end":{"line":3,"column":112}},"line":3},"2":{"name":"(anonymous_2)","decl":{"start":{"line":3,"column":70},"end":{"line":3,"column":71}},"loc":{"start":{"line":3,"column":89},"end":{"line":3,"column":108}},"line":3},"3":{"name":"(anonymous_3)","decl":{"start":{"line":4,"column":36},"end":{"line":4,"column":37}},"loc":{"start":{"line":4,"column":63},"end":{"line":9,"column":5}},"line":4},"4":{"name":"fulfilled","decl":{"start":{"line":5,"column":17},"end":{"line":5,"column":26}},"loc":{"start":{"line":5,"column":34},"end":{"line":5,"column":99}},"line":5},"5":{"name":"rejected","decl":{"start":{"line":6,"column":17},"end":{"line":6,"column":25}},"loc":{"start":{"line":6,"column":33},"end":{"line":6,"column":102}},"line":6},"6":{"name":"step","decl":{"start":{"line":7,"column":17},"end":{"line":7,"column":21}},"loc":{"start":{"line":7,"column":30},"end":{"line":7,"column":118}},"line":7},"7":{"name":"(anonymous_7)","decl":{"start":{"line":11,"column":56},"end":{"line":11,"column":57}},"loc":{"start":{"line":11,"column":71},"end":{"line":13,"column":1}},"line":11},"8":{"name":"(anonymous_8)","decl":{"start":{"line":19,"column":4},"end":{"line":19,"column":5}},"loc":{"start":{"line":19,"column":41},"end":{"line":28,"column":5}},"line":19},"9":{"name":"(anonymous_9)","decl":{"start":{"line":20,"column":47},"end":{"line":20,"column":48}},"loc":{"start":{"line":20,"column":60},"end":{"line":27,"column":9}},"line":20},"10":{"name":"(anonymous_10)","decl":{"start":{"line":29,"column":4},"end":{"line":29,"column":5}},"loc":{"start":{"line":29,"column":20},"end":{"line":34,"column":5}},"line":29}},"branchMap":{"0":{"loc":{"start":{"line":2,"column":16},"end":{"line":10,"column":1}},"type":"binary-expr","locations":[{"start":{"line":2,"column":17},"end":{"line":2,"column":21}},{"start":{"line":2,"column":25},"end":{"line":2,"column":39}},{"start":{"line":2,"column":44},"end":{"line":10,"column":1}}],"line":2},"1":{"loc":{"start":{"line":3,"column":35},"end":{"line":3,"column":109}},"type":"cond-expr","locations":[{"start":{"line":3,"column":56},"end":{"line":3,"column":61}},{"start":{"line":3,"column":64},"end":{"line":3,"column":109}}],"line":3},"2":{"loc":{"start":{"line":4,"column":16},"end":{"line":4,"column":34}},"type":"binary-expr","locations":[{"start":{"line":4,"column":16},"end":{"line":4,"column":17}},{"start":{"line":4,"column":22},"end":{"line":4,"column":33}}],"line":4},"3":{"loc":{"start":{"line":7,"column":32},"end":{"line":7,"column":115}},"type":"cond-expr","locations":[{"start":{"line":7,"column":46},"end":{"line":7,"column":67}},{"start":{"line":7,"column":70},"end":{"line":7,"column":115}}],"line":7},"4":{"loc":{"start":{"line":8,"column":51},"end":{"line":8,"column":67}},"type":"binary-expr","locations":[{"start":{"line":8,"column":51},"end":{"line":8,"column":61}},{"start":{"line":8,"column":65},"end":{"line":8,"column":67}}],"line":8},"5":{"loc":{"start":{"line":11,"column":22},"end":{"line":13,"column":1}},"type":"binary-expr","locations":[{"start":{"line":11,"column":23},"end":{"line":11,"column":27}},{"start":{"line":11,"column":31},"end":{"line":11,"column":51}},{"start":{"line":11,"column":56},"end":{"line":13,"column":1}}],"line":11},"6":{"loc":{"start":{"line":12,"column":11},"end":{"line":12,"column":61}},"type":"cond-expr","locations":[{"start":{"line":12,"column":37},"end":{"line":12,"column":40}},{"start":{"line":12,"column":43},"end":{"line":12,"column":61}}],"line":12},"7":{"loc":{"start":{"line":12,"column":12},"end":{"line":12,"column":33}},"type":"binary-expr","locations":[{"start":{"line":12,"column":12},"end":{"line":12,"column":15}},{"start":{"line":12,"column":19},"end":{"line":12,"column":33}}],"line":12},"8":{"loc":{"start":{"line":31,"column":8},"end":{"line":32,"column":42}},"type":"if","locations":[{"start":{"line":31,"column":8},"end":{"line":32,"column":42}},{"start":{},"end":{}}],"line":31},"9":{"loc":{"start":{"line":31,"column":13},"end":{"line":31,"column":82}},"type":"cond-expr","locations":[{"start":{"line":31,"column":66},"end":{"line":31,"column":72}},{"start":{"line":31,"column":75},"end":{"line":31,"column":82}}],"line":31},"10":{"loc":{"start":{"line":31,"column":13},"end":{"line":31,"column":63}},"type":"binary-expr","locations":[{"start":{"line":31,"column":13},"end":{"line":31,"column":46}},{"start":{"line":31,"column":50},"end":{"line":31,"column":63}}],"line":31}},"s":{"0":0,"1":0,"2":0,"3":0,"4":0,"5":0,"6":0,"7":0,"8":0,"9":0,"10":0,"11":0,"12":0,"13":0,"14":0,"15":0,"16":0,"17":0,"18":0,"19":0,"20":0,"21":0,"22":0,"23":0,"24":0,"25":0},"f":{"0":0,"1":0,"2":0,"3":0,"4":0,"5":0,"6":0,"7":0,"8":0,"9":0,"10":0},"b":{"0":[0,0,0],"1":[0,0],"2":[0,0],"3":[0,0],"4":[0,0],"5":[0,0,0],"6":[0,0],"7":[0,0],"8":[0,0],"9":[0,0],"10":[0,0]},"inputSourceMap":{"version":3,"file":"/Users/oreoluwa/Documents/MY_BACKEND_PROJECT/Glovo Api/src/utils/env.ts","sources":["/Users/oreoluwa/Documents/MY_BACKEND_PROJECT/Glovo Api/src/utils/env.ts"],"names":[],"mappings":";;;;;;;;;;;;;;AAAA,mCAAsC;AAEtC,wDAAmC;AAEnC,IAAA,qBAAY,GAAE,CAAC;AAEf,MAAqB,GAAG;IAGf,MAAM,CAAO,WAAW,CAAI,gBAAqC;;YACtE,IAAI,CAAC;gBACH,IAAI,CAAC,YAAY,GAAG,MAAM,gBAAgB,CAAC,aAAa,CAAC,aAAM,CAAC,CAAC;YACnE,CAAC;YAAC,OAAO,CAAC,EAAE,CAAC;gBACX,MAAM,CAAC,CAAC;YACV,CAAC;QACH,CAAC;KAAA;IAEM,MAAM,CAAC,GAAG,CAAa,GAAW;;QACvC,IAAI,CAAA,MAAA,IAAI,CAAC,YAAY,0CAAG,GAAG,CAAC,KAAI,IAAI;YAAE,OAAO,IAAI,CAAC,YAAY,CAAC,GAAG,CAAM,CAAC;QACzE,OAAQ,aAAc,CAAC,GAAG,CAAM,CAAC;IACnC,CAAC;CACF;AAfD,sBAeC","sourcesContent":["import { configDotenv } from 'dotenv';\nimport * as Joi from 'joi';\nimport config from '../config/env';\n\nconfigDotenv();\n\nexport default class Env {\n  private static validatedEnv: any;\n\n  public static async validateEnv<T>(validationSchema: Joi.ObjectSchema<T>) {\n    try {\n      this.validatedEnv = await validationSchema.validateAsync(config);\n    } catch (e) {\n      throw e;\n    }\n  }\n\n  public static get<T = string>(key: string) {\n    if (this.validatedEnv?.[key] != null) return this.validatedEnv[key] as T;\n    return (config as any)[key] as T;\n  }\n}\n"]},"all":true},"/Users/oreoluwa/Documents/MY_BACKEND_PROJECT/Glovo Api/src/utils/logger.ts":{"path":"/Users/oreoluwa/Documents/MY_BACKEND_PROJECT/Glovo Api/src/utils/logger.ts","statementMap":{"0":{"start":{"line":2,"column":22},"end":{"line":4,"column":1}},"1":{"start":{"line":3,"column":4},"end":{"line":3,"column":62}},"2":{"start":{"line":5,"column":0},"end":{"line":5,"column":62}},"3":{"start":{"line":6,"column":18},"end":{"line":6,"column":36}},"4":{"start":{"line":7,"column":15},"end":{"line":7,"column":47}},"5":{"start":{"line":8,"column":72},"end":{"line":8,"column":88}},"6":{"start":{"line":9,"column":18},"end":{"line":11,"column":2}},"7":{"start":{"line":10,"column":4},"end":{"line":10,"column":58}},"8":{"start":{"line":12,"column":12},"end":{"line":12,"column":49}},"9":{"start":{"line":14,"column":0},"end":{"line":65,"column":1}},"10":{"start":{"line":15,"column":4},"end":{"line":31,"column":7}},"11":{"start":{"line":33,"column":5},"end":{"line":65,"column":1}},"12":{"start":{"line":34,"column":4},"end":{"line":44,"column":7}},"13":{"start":{"line":47,"column":4},"end":{"line":64,"column":7}},"14":{"start":{"line":66,"column":0},"end":{"line":66,"column":25}}},"fnMap":{"0":{"name":"(anonymous_0)","decl":{"start":{"line":2,"column":56},"end":{"line":2,"column":57}},"loc":{"start":{"line":2,"column":71},"end":{"line":4,"column":1}},"line":2},"1":{"name":"(anonymous_1)","decl":{"start":{"line":9,"column":25},"end":{"line":9,"column":26}},"loc":{"start":{"line":9,"column":67},"end":{"line":11,"column":1}},"line":9}},"branchMap":{"0":{"loc":{"start":{"line":2,"column":22},"end":{"line":4,"column":1}},"type":"binary-expr","locations":[{"start":{"line":2,"column":23},"end":{"line":2,"column":27}},{"start":{"line":2,"column":31},"end":{"line":2,"column":51}},{"start":{"line":2,"column":56},"end":{"line":4,"column":1}}],"line":2},"1":{"loc":{"start":{"line":3,"column":11},"end":{"line":3,"column":61}},"type":"cond-expr","locations":[{"start":{"line":3,"column":37},"end":{"line":3,"column":40}},{"start":{"line":3,"column":43},"end":{"line":3,"column":61}}],"line":3},"2":{"loc":{"start":{"line":3,"column":12},"end":{"line":3,"column":33}},"type":"binary-expr","locations":[{"start":{"line":3,"column":12},"end":{"line":3,"column":15}},{"start":{"line":3,"column":19},"end":{"line":3,"column":33}}],"line":3},"3":{"loc":{"start":{"line":10,"column":39},"end":{"line":10,"column":55}},"type":"binary-expr","locations":[{"start":{"line":10,"column":39},"end":{"line":10,"column":44}},{"start":{"line":10,"column":48},"end":{"line":10,"column":55}}],"line":10},"4":{"loc":{"start":{"line":12,"column":12},"end":{"line":12,"column":49}},"type":"binary-expr","locations":[{"start":{"line":12,"column":12},"end":{"line":12,"column":32}},{"start":{"line":12,"column":36},"end":{"line":12,"column":49}}],"line":12},"5":{"loc":{"start":{"line":14,"column":0},"end":{"line":65,"column":1}},"type":"if","locations":[{"start":{"line":14,"column":0},"end":{"line":65,"column":1}},{"start":{"line":33,"column":5},"end":{"line":65,"column":1}}],"line":14},"6":{"loc":{"start":{"line":33,"column":5},"end":{"line":65,"column":1}},"type":"if","locations":[{"start":{"line":33,"column":5},"end":{"line":65,"column":1}},{"start":{"line":46,"column":5},"end":{"line":65,"column":1}}],"line":33}},"s":{"0":0,"1":0,"2":0,"3":0,"4":0,"5":0,"6":0,"7":0,"8":0,"9":0,"10":0,"11":0,"12":0,"13":0,"14":0},"f":{"0":0,"1":0},"b":{"0":[0,0,0],"1":[0,0],"2":[0,0],"3":[0,0],"4":[0,0],"5":[0,0],"6":[0,0]},"inputSourceMap":{"version":3,"file":"/Users/oreoluwa/Documents/MY_BACKEND_PROJECT/Glovo Api/src/utils/logger.ts","sources":["/Users/oreoluwa/Documents/MY_BACKEND_PROJECT/Glovo Api/src/utils/logger.ts"],"names":[],"mappings":";;;;;AACA,qCAAmE;AACnE,gDAAwB;AAExB,MAAM,EAAE,OAAO,EAAE,SAAS,EAAE,MAAM,EAAE,MAAM,EAAE,QAAQ,EAAE,MAAM,EAAE,KAAK,EAAE,GAAG,gBAAM,CAAC;AAE/E,MAAM,SAAS,GAAG,MAAM,CAAC,CAAC,EAAE,SAAS,EAAE,KAAK,EAAE,OAAO,EAAE,KAAK,EAAE,EAAE,EAAE;IAChE,OAAO,GAAG,SAAS,KAAK,KAAK,MAAM,KAAK,IAAI,OAAO,EAAE,CAAC;AACxD,CAAC,CAAC,CAAC;AAEH,MAAM,GAAG,GAAG,OAAO,CAAC,GAAG,CAAC,QAAQ,IAAI,aAAa,CAAC;AAElD,IAAI,MAAc,CAAC;AAEnB,IAAI,GAAG,KAAK,YAAY,EAAE,CAAC;IACzB,MAAM,GAAG,IAAA,sBAAY,EAAC;QACpB,KAAK,EAAE,MAAM;QACb,MAAM,EAAE,OAAO,CAAC,SAAS,EAAE,EAAE,MAAM,CAAC,EAAE,KAAK,EAAE,IAAI,EAAE,CAAC,EAAE,KAAK,EAAE,EAAE,SAAS,CAAC;QACzE,UAAU,EAAE;YACV,IAAI,oBAAU,CAAC,OAAO,CAAC;gBACrB,gBAAgB,EAAE,IAAI;aACvB,CAAC;YACF,IAAI,oBAAU,CAAC,IAAI,CAAC;gBAClB,QAAQ,EAAE,cAAI,CAAC,IAAI,CAAC,MAAM,EAAE,WAAW,CAAC;gBACxC,KAAK,EAAE,OAAO;aACf,CAAC;YACF,IAAI,oBAAU,CAAC,IAAI,CAAC;gBAClB,QAAQ,EAAE,cAAI,CAAC,IAAI,CAAC,MAAM,EAAE,cAAc,CAAC;aAC5C,CAAC;SACH;QACD,WAAW,EAAE,KAAK;KACnB,CAAC,CAAC;AACL,CAAC;KAAM,IAAI,GAAG,KAAK,MAAM,EAAE,CAAC;IAC1B,MAAM,GAAG,IAAA,sBAAY,EAAC;QACpB,KAAK,EAAE,MAAM;QACb,MAAM,EAAE,OAAO,CAAC,SAAS,EAAE,EAAE,SAAS,CAAC;QACvC,UAAU,EAAE;YACV,IAAI,oBAAU,CAAC,IAAI,CAAC;gBAClB,QAAQ,EAAE,cAAI,CAAC,IAAI,CAAC,MAAM,EAAE,UAAU,CAAC;gBACvC,KAAK,EAAE,MAAM;aACd,CAAC;SACH;QACD,WAAW,EAAE,KAAK;KACnB,CAAC,CAAC;AACL,CAAC;KAAM,CAAC;IAEN,MAAM,GAAG,IAAA,sBAAY,EAAC;QACpB,KAAK,EAAE,OAAO;QACd,MAAM,EAAE,OAAO,CAAC,SAAS,EAAE,EAAE,MAAM,CAAC,EAAE,KAAK,EAAE,IAAI,EAAE,CAAC,EAAE,KAAK,EAAE,EAAE,SAAS,CAAC;QACzE,UAAU,EAAE;YACV,IAAI,oBAAU,CAAC,OAAO,CAAC;gBACrB,gBAAgB,EAAE,IAAI;gBACtB,MAAM,EAAE,OAAO,CAAC,QAAQ,EAAE,EAAE,MAAM,EAAE,CAAC;aACtC,CAAC;YACF,IAAI,oBAAU,CAAC,IAAI,CAAC;gBAClB,QAAQ,EAAE,cAAI,CAAC,IAAI,CAAC,MAAM,EAAE,YAAY,CAAC;gBACzC,KAAK,EAAE,OAAO;aACf,CAAC;YACF,IAAI,oBAAU,CAAC,IAAI,CAAC;gBAClB,QAAQ,EAAE,cAAI,CAAC,IAAI,CAAC,MAAM,EAAE,kBAAkB,CAAC;aAChD,CAAC;SACH;QACD,WAAW,EAAE,KAAK;KACnB,CAAC,CAAC;AACL,CAAC;AAED,kBAAe,MAAM,CAAC","sourcesContent":["// src/utils/logger.ts\nimport { createLogger, format, transports, Logger } from 'winston';\nimport path from 'path';\n\nconst { combine, timestamp, printf, errors, colorize, simple, splat } = format;\n\nconst logFormat = printf(({ timestamp, level, message, stack }) => {\n  return `${timestamp} [${level}]: ${stack || message}`;\n});\n\nconst env = process.env.NODE_ENV || 'development';\n\nlet logger: Logger;\n\nif (env === 'production') {\n  logger = createLogger({\n    level: 'info',\n    format: combine(timestamp(), errors({ stack: true }), splat(), logFormat),\n    transports: [\n      new transports.Console({\n        handleExceptions: true,\n      }),\n      new transports.File({\n        filename: path.join('logs', 'error.log'),\n        level: 'error',\n      }),\n      new transports.File({\n        filename: path.join('logs', 'combined.log'),\n      }),\n    ],\n    exitOnError: false,\n  });\n} else if (env === 'test') {\n  logger = createLogger({\n    level: 'warn', // minimal logging during tests\n    format: combine(timestamp(), logFormat),\n    transports: [\n      new transports.File({\n        filename: path.join('logs', 'test.log'),\n        level: 'warn',\n      }),\n    ],\n    exitOnError: false,\n  });\n} else {\n  // development\n  logger = createLogger({\n    level: 'debug',\n    format: combine(timestamp(), errors({ stack: true }), splat(), logFormat),\n    transports: [\n      new transports.Console({\n        handleExceptions: true,\n        format: combine(colorize(), simple()),\n      }),\n      new transports.File({\n        filename: path.join('logs', 'server.log'),\n        level: 'error',\n      }),\n      new transports.File({\n        filename: path.join('logs', 'dev-combined.log'),\n      }),\n    ],\n    exitOnError: false,\n  });\n}\n\nexport default logger;\n"]},"all":true}}